# Logfile created on 2025-06-24 11:45:28 +0200 by logger.rb/v1.7.0
I, [2025-06-24T11:46:38.102753 #23774]  INFO -- : Streaming session created: aeeb4ae4ff4eec119d80e5f2b0d250c8 for file: The Invention of Hugo Cabret (Selznick Brian) (Z-Library).azw3
I, [2025-06-24T11:46:38.192726 #23769]  INFO -- : Chunk upload request - Content-Type: multipart/form-data; boundary=----WebKitFormBoundaryQWUSBxYAA2BTvFPI
I, [2025-06-24T11:46:38.197371 #23774]  INFO -- : Chunk upload request - Content-Type: multipart/form-data; boundary=----WebKitFormBoundaryvyUfNXkYCpC9xvAG
I, [2025-06-24T11:46:38.211133 #23769]  INFO -- : Storing chunk 0 for session aeeb4ae4ff4eec119d80e5f2b0d250c8 (size: 1048592 bytes)
I, [2025-06-24T11:46:38.214456 #23769]  INFO -- : Chunk 0 stored successfully: 1/88
I, [2025-06-24T11:46:38.215653 #23774]  INFO -- : Storing chunk 1 for session aeeb4ae4ff4eec119d80e5f2b0d250c8 (size: 1048592 bytes)
I, [2025-06-24T11:46:38.219925 #23774]  INFO -- : Chunk 1 stored successfully: 2/88
I, [2025-06-24T11:46:38.366924 #23769]  INFO -- : Chunk upload request - Content-Type: multipart/form-data; boundary=----WebKitFormBoundaryzNFCiZCnVNi2GSn3
I, [2025-06-24T11:46:38.371797 #23769]  INFO -- : Storing chunk 2 for session aeeb4ae4ff4eec119d80e5f2b0d250c8 (size: 1048592 bytes)
I, [2025-06-24T11:46:38.378155 #23769]  INFO -- : Chunk 2 stored successfully: 3/88
I, [2025-06-24T11:46:38.513919 #23774]  INFO -- : Chunk upload request - Content-Type: multipart/form-data; boundary=----WebKitFormBoundary1s0sjsqLLoSOijW4
I, [2025-06-24T11:46:38.518262 #23774]  INFO -- : Storing chunk 3 for session aeeb4ae4ff4eec119d80e5f2b0d250c8 (size: 1048592 bytes)
I, [2025-06-24T11:46:38.522299 #23774]  INFO -- : Chunk 3 stored successfully: 4/88
I, [2025-06-24T11:46:38.665299 #23769]  INFO -- : Chunk upload request - Content-Type: multipart/form-data; boundary=----WebKitFormBoundaryBMrnkY8pMqcSQFBP
I, [2025-06-24T11:46:38.669827 #23769]  INFO -- : Storing chunk 4 for session aeeb4ae4ff4eec119d80e5f2b0d250c8 (size: 1048592 bytes)
I, [2025-06-24T11:46:38.673275 #23769]  INFO -- : Chunk 4 stored successfully: 5/88
I, [2025-06-24T11:46:38.764921 #23769]  INFO -- : Chunk upload request - Content-Type: multipart/form-data; boundary=----WebKitFormBoundary0OnqB3Fdu18sjHTt
I, [2025-06-24T11:46:38.769464 #23769]  INFO -- : Storing chunk 5 for session aeeb4ae4ff4eec119d80e5f2b0d250c8 (size: 1048592 bytes)
I, [2025-06-24T11:46:38.772832 #23769]  INFO -- : Chunk 5 stored successfully: 6/88
I, [2025-06-24T11:46:38.896277 #23774]  INFO -- : Chunk upload request - Content-Type: multipart/form-data; boundary=----WebKitFormBoundaryJPk9jejEL29jrbxg
I, [2025-06-24T11:46:38.901325 #23774]  INFO -- : Storing chunk 6 for session aeeb4ae4ff4eec119d80e5f2b0d250c8 (size: 1048592 bytes)
I, [2025-06-24T11:46:38.906856 #23774]  INFO -- : Chunk 6 stored successfully: 7/88
I, [2025-06-24T11:46:38.997682 #23769]  INFO -- : Chunk upload request - Content-Type: multipart/form-data; boundary=----WebKitFormBoundarycBGNJrMZtW6wJPyF
I, [2025-06-24T11:46:39.003493 #23769]  INFO -- : Storing chunk 7 for session aeeb4ae4ff4eec119d80e5f2b0d250c8 (size: 1048592 bytes)
I, [2025-06-24T11:46:39.007314 #23769]  INFO -- : Chunk 7 stored successfully: 8/88
I, [2025-06-24T11:46:39.123276 #23774]  INFO -- : Chunk upload request - Content-Type: multipart/form-data; boundary=----WebKitFormBoundaryYtMnHvRO5BBZwVNO
I, [2025-06-24T11:46:39.129338 #23774]  INFO -- : Storing chunk 8 for session aeeb4ae4ff4eec119d80e5f2b0d250c8 (size: 1048592 bytes)
I, [2025-06-24T11:46:39.142943 #23774]  INFO -- : Chunk 8 stored successfully: 9/88
I, [2025-06-24T11:46:39.252913 #23769]  INFO -- : Chunk upload request - Content-Type: multipart/form-data; boundary=----WebKitFormBoundaryJYFHyRT43DITMc3H
I, [2025-06-24T11:46:39.256703 #23769]  INFO -- : Storing chunk 9 for session aeeb4ae4ff4eec119d80e5f2b0d250c8 (size: 1048592 bytes)
I, [2025-06-24T11:46:39.276851 #23769]  INFO -- : Chunk 9 stored successfully: 10/88
I, [2025-06-24T11:46:39.346495 #23774]  INFO -- : Chunk upload request - Content-Type: multipart/form-data; boundary=----WebKitFormBoundaryevTzUs6uoWq5XUTI
I, [2025-06-24T11:46:39.352326 #23774]  INFO -- : Storing chunk 10 for session aeeb4ae4ff4eec119d80e5f2b0d250c8 (size: 1048592 bytes)
I, [2025-06-24T11:46:39.355702 #23774]  INFO -- : Chunk 10 stored successfully: 11/88
I, [2025-06-24T11:46:39.471396 #23774]  INFO -- : Chunk upload request - Content-Type: multipart/form-data; boundary=----WebKitFormBoundaryU28BUob4gK0kMjgy
I, [2025-06-24T11:46:39.476508 #23774]  INFO -- : Storing chunk 11 for session aeeb4ae4ff4eec119d80e5f2b0d250c8 (size: 1048592 bytes)
I, [2025-06-24T11:46:39.490071 #23774]  INFO -- : Chunk 11 stored successfully: 12/88
I, [2025-06-24T11:46:39.597730 #23769]  INFO -- : Chunk upload request - Content-Type: multipart/form-data; boundary=----WebKitFormBoundaryZzfMUAy6TSJBgOnH
I, [2025-06-24T11:46:39.604244 #23769]  INFO -- : Storing chunk 12 for session aeeb4ae4ff4eec119d80e5f2b0d250c8 (size: 1048592 bytes)
I, [2025-06-24T11:46:39.618762 #23769]  INFO -- : Chunk 12 stored successfully: 13/88
I, [2025-06-24T11:46:39.726789 #23774]  INFO -- : Chunk upload request - Content-Type: multipart/form-data; boundary=----WebKitFormBoundary4EmDolTPx8C1i7yc
I, [2025-06-24T11:46:39.732130 #23774]  INFO -- : Storing chunk 13 for session aeeb4ae4ff4eec119d80e5f2b0d250c8 (size: 1048592 bytes)
I, [2025-06-24T11:46:39.745735 #23774]  INFO -- : Chunk 13 stored successfully: 14/88
I, [2025-06-24T11:46:39.886532 #23769]  INFO -- : Chunk upload request - Content-Type: multipart/form-data; boundary=----WebKitFormBoundaryRwpwnjeYVA1TZ9XB
I, [2025-06-24T11:46:39.891692 #23769]  INFO -- : Storing chunk 14 for session aeeb4ae4ff4eec119d80e5f2b0d250c8 (size: 1048592 bytes)
I, [2025-06-24T11:46:39.901442 #23769]  INFO -- : Chunk 14 stored successfully: 15/88
I, [2025-06-24T11:46:40.015055 #23774]  INFO -- : Chunk upload request - Content-Type: multipart/form-data; boundary=----WebKitFormBoundaryqguTJVjhlI6Cd2Dy
I, [2025-06-24T11:46:40.020277 #23774]  INFO -- : Storing chunk 15 for session aeeb4ae4ff4eec119d80e5f2b0d250c8 (size: 1048592 bytes)
I, [2025-06-24T11:46:40.024745 #23774]  INFO -- : Chunk 15 stored successfully: 16/88
I, [2025-06-24T11:46:40.143456 #23769]  INFO -- : Chunk upload request - Content-Type: multipart/form-data; boundary=----WebKitFormBoundarykgxAEMQPSh98uDX2
I, [2025-06-24T11:46:40.154751 #23769]  INFO -- : Storing chunk 16 for session aeeb4ae4ff4eec119d80e5f2b0d250c8 (size: 1048592 bytes)
I, [2025-06-24T11:46:40.159335 #23769]  INFO -- : Chunk 16 stored successfully: 17/88
I, [2025-06-24T11:46:40.240631 #23774]  INFO -- : Chunk upload request - Content-Type: multipart/form-data; boundary=----WebKitFormBoundaryvYD1z0kU2BQiSXK5
I, [2025-06-24T11:46:40.250379 #23774]  INFO -- : Storing chunk 17 for session aeeb4ae4ff4eec119d80e5f2b0d250c8 (size: 1048592 bytes)
I, [2025-06-24T11:46:40.253539 #23774]  INFO -- : Chunk 17 stored successfully: 18/88
I, [2025-06-24T11:46:40.335288 #23769]  INFO -- : Chunk upload request - Content-Type: multipart/form-data; boundary=----WebKitFormBoundary4A9LaJdZchTjShU7
I, [2025-06-24T11:46:40.338120 #23769]  INFO -- : Storing chunk 18 for session aeeb4ae4ff4eec119d80e5f2b0d250c8 (size: 1048592 bytes)
I, [2025-06-24T11:46:40.341446 #23769]  INFO -- : Chunk 18 stored successfully: 19/88
I, [2025-06-24T11:46:40.460467 #23774]  INFO -- : Chunk upload request - Content-Type: multipart/form-data; boundary=----WebKitFormBoundarySqYeiwT9S0Vmjv1l
I, [2025-06-24T11:46:40.462798 #23774]  INFO -- : Storing chunk 19 for session aeeb4ae4ff4eec119d80e5f2b0d250c8 (size: 1048592 bytes)
I, [2025-06-24T11:46:40.467188 #23774]  INFO -- : Chunk 19 stored successfully: 20/88
I, [2025-06-24T11:46:40.588245 #23769]  INFO -- : Chunk upload request - Content-Type: multipart/form-data; boundary=----WebKitFormBoundarypuo1BSt4rbyrZws7
I, [2025-06-24T11:46:40.590436 #23769]  INFO -- : Storing chunk 20 for session aeeb4ae4ff4eec119d80e5f2b0d250c8 (size: 1048592 bytes)
I, [2025-06-24T11:46:40.594955 #23769]  INFO -- : Chunk 20 stored successfully: 21/88
I, [2025-06-24T11:46:40.716486 #23774]  INFO -- : Chunk upload request - Content-Type: multipart/form-data; boundary=----WebKitFormBoundaryzGW3uax0zibrxwXi
I, [2025-06-24T11:46:40.718514 #23774]  INFO -- : Storing chunk 21 for session aeeb4ae4ff4eec119d80e5f2b0d250c8 (size: 1048592 bytes)
I, [2025-06-24T11:46:40.723026 #23774]  INFO -- : Chunk 21 stored successfully: 22/88
I, [2025-06-24T11:46:40.810761 #23769]  INFO -- : Chunk upload request - Content-Type: multipart/form-data; boundary=----WebKitFormBoundaryjxyABfP6ine6PIhB
I, [2025-06-24T11:46:40.813108 #23769]  INFO -- : Storing chunk 22 for session aeeb4ae4ff4eec119d80e5f2b0d250c8 (size: 1048592 bytes)
I, [2025-06-24T11:46:40.816702 #23769]  INFO -- : Chunk 22 stored successfully: 23/88
I, [2025-06-24T11:46:40.968924 #23774]  INFO -- : Chunk upload request - Content-Type: multipart/form-data; boundary=----WebKitFormBoundarygQt3JV6dFH3khxRb
I, [2025-06-24T11:46:40.971044 #23774]  INFO -- : Storing chunk 23 for session aeeb4ae4ff4eec119d80e5f2b0d250c8 (size: 1048592 bytes)
I, [2025-06-24T11:46:40.975818 #23774]  INFO -- : Chunk 23 stored successfully: 24/88
I, [2025-06-24T11:46:41.034048 #23769]  INFO -- : Chunk upload request - Content-Type: multipart/form-data; boundary=----WebKitFormBoundaryO3kpFxujmDiFW0DD
I, [2025-06-24T11:46:41.037256 #23769]  INFO -- : Storing chunk 24 for session aeeb4ae4ff4eec119d80e5f2b0d250c8 (size: 1048592 bytes)
I, [2025-06-24T11:46:41.041365 #23769]  INFO -- : Chunk 24 stored successfully: 25/88
I, [2025-06-24T11:46:41.046593 #23774]  INFO -- : Chunk upload request - Content-Type: multipart/form-data; boundary=----WebKitFormBoundaryAS76Bio0JLHzxHBZ
I, [2025-06-24T11:46:41.050574 #23769]  INFO -- : Chunk upload request - Content-Type: multipart/form-data; boundary=----WebKitFormBoundaryjdh09cPw735PALbk
I, [2025-06-24T11:46:41.053788 #23769]  INFO -- : Storing chunk 25 for session aeeb4ae4ff4eec119d80e5f2b0d250c8 (size: 1048592 bytes)
I, [2025-06-24T11:46:41.055377 #23774]  INFO -- : Storing chunk 26 for session aeeb4ae4ff4eec119d80e5f2b0d250c8 (size: 1048592 bytes)
I, [2025-06-24T11:46:41.057301 #23769]  INFO -- : Chunk upload request - Content-Type: multipart/form-data; boundary=----WebKitFormBoundaryIR7JXGYPm8kapN7p
I, [2025-06-24T11:46:41.059773 #23774]  INFO -- : Chunk upload request - Content-Type: multipart/form-data; boundary=----WebKitFormBoundaryWZ0sCxTcKKFjJShW
I, [2025-06-24T11:46:41.060059 #23769]  INFO -- : Chunk 25 stored successfully: 26/88
I, [2025-06-24T11:46:41.062026 #23769]  INFO -- : Storing chunk 27 for session aeeb4ae4ff4eec119d80e5f2b0d250c8 (size: 1048592 bytes)
I, [2025-06-24T11:46:41.063881 #23774]  INFO -- : Chunk 26 stored successfully: 27/88
I, [2025-06-24T11:46:41.064304 #23774]  INFO -- : Storing chunk 28 for session aeeb4ae4ff4eec119d80e5f2b0d250c8 (size: 1048592 bytes)
I, [2025-06-24T11:46:41.068143 #23769]  INFO -- : Chunk upload request - Content-Type: multipart/form-data; boundary=----WebKitFormBoundarykfnXJcgf8pnCW9cU
I, [2025-06-24T11:46:41.068167 #23774]  INFO -- : Chunk upload request - Content-Type: multipart/form-data; boundary=----WebKitFormBoundaryHVLY5q6PETJjOAN1
I, [2025-06-24T11:46:41.068391 #23769]  INFO -- : Chunk 27 stored successfully: 28/88
I, [2025-06-24T11:46:41.072060 #23774]  INFO -- : Storing chunk 30 for session aeeb4ae4ff4eec119d80e5f2b0d250c8 (size: 1048592 bytes)
I, [2025-06-24T11:46:41.072375 #23769]  INFO -- : Storing chunk 29 for session aeeb4ae4ff4eec119d80e5f2b0d250c8 (size: 1048592 bytes)
I, [2025-06-24T11:46:41.072958 #23774]  INFO -- : Chunk 28 stored successfully: 29/88
I, [2025-06-24T11:46:41.073841 #23769]  INFO -- : Chunk upload request - Content-Type: multipart/form-data; boundary=----WebKitFormBoundary4Er76bAsq5OKgX7s
I, [2025-06-24T11:46:41.077180 #23774]  INFO -- : Chunk 30 stored successfully: 30/88
I, [2025-06-24T11:46:41.077334 #23769]  INFO -- : Storing chunk 31 for session aeeb4ae4ff4eec119d80e5f2b0d250c8 (size: 1048592 bytes)
I, [2025-06-24T11:46:41.079045 #23774]  INFO -- : Chunk upload request - Content-Type: multipart/form-data; boundary=----WebKitFormBoundarygB7EJJopsYQBTC8P
I, [2025-06-24T11:46:41.080980 #23769]  INFO -- : Chunk 29 stored successfully: 31/88
I, [2025-06-24T11:46:41.083335 #23774]  INFO -- : Storing chunk 32 for session aeeb4ae4ff4eec119d80e5f2b0d250c8 (size: 1048592 bytes)
I, [2025-06-24T11:46:41.084191 #23769]  INFO -- : Chunk upload request - Content-Type: multipart/form-data; boundary=----WebKitFormBoundaryvEzUFD6aQypwJv42
I, [2025-06-24T11:46:41.087312 #23769]  INFO -- : Chunk 31 stored successfully: 32/88
I, [2025-06-24T11:46:41.090274 #23774]  INFO -- : Chunk upload request - Content-Type: multipart/form-data; boundary=----WebKitFormBoundaryaqVHd4Yg8yp72IuG
I, [2025-06-24T11:46:41.090434 #23769]  INFO -- : Storing chunk 33 for session aeeb4ae4ff4eec119d80e5f2b0d250c8 (size: 1048592 bytes)
I, [2025-06-24T11:46:41.092862 #23774]  INFO -- : Chunk 32 stored successfully: 33/88
I, [2025-06-24T11:46:41.094812 #23774]  INFO -- : Storing chunk 34 for session aeeb4ae4ff4eec119d80e5f2b0d250c8 (size: 1048592 bytes)
I, [2025-06-24T11:46:41.096073 #23769]  INFO -- : Chunk 33 stored successfully: 34/88
I, [2025-06-24T11:46:41.099339 #23774]  INFO -- : Chunk 34 stored successfully: 35/88
I, [2025-06-24T11:46:41.122176 #23774]  INFO -- : Chunk upload request - Content-Type: multipart/form-data; boundary=----WebKitFormBoundaryxFQC3pJuSZD6VqB8
I, [2025-06-24T11:46:41.122378 #23769]  INFO -- : Chunk upload request - Content-Type: multipart/form-data; boundary=----WebKitFormBoundaryzNdHc1q5Irg1BRZN
I, [2025-06-24T11:46:41.126069 #23774]  INFO -- : Storing chunk 36 for session aeeb4ae4ff4eec119d80e5f2b0d250c8 (size: 1048592 bytes)
I, [2025-06-24T11:46:41.126376 #23769]  INFO -- : Storing chunk 35 for session aeeb4ae4ff4eec119d80e5f2b0d250c8 (size: 1048592 bytes)
I, [2025-06-24T11:46:41.131745 #23774]  INFO -- : Chunk 36 stored successfully: 36/88
I, [2025-06-24T11:46:41.132132 #23769]  INFO -- : Chunk upload request - Content-Type: multipart/form-data; boundary=----WebKitFormBoundarycCeTzC9Y9fSwck0G
I, [2025-06-24T11:46:41.134473 #23769]  INFO -- : Chunk upload request - Content-Type: multipart/form-data; boundary=----WebKitFormBoundaryFkm9AnE8uAreYGBz
I, [2025-06-24T11:46:41.139698 #23769]  INFO -- : Storing chunk 37 for session aeeb4ae4ff4eec119d80e5f2b0d250c8 (size: 1048592 bytes)
I, [2025-06-24T11:46:41.139776 #23769]  INFO -- : Chunk 35 stored successfully: 37/88
I, [2025-06-24T11:46:41.140486 #23769]  INFO -- : Storing chunk 38 for session aeeb4ae4ff4eec119d80e5f2b0d250c8 (size: 1048592 bytes)
I, [2025-06-24T11:46:41.145590 #23774]  INFO -- : Chunk upload request - Content-Type: multipart/form-data; boundary=----WebKitFormBoundaryQRbgABgBl5uNjyvA
I, [2025-06-24T11:46:41.146553 #23774]  INFO -- : Chunk upload request - Content-Type: multipart/form-data; boundary=----WebKitFormBoundaryDw74ZfpQSs69hSj6
I, [2025-06-24T11:46:41.149872 #23769]  INFO -- : Chunk 37 stored successfully: 38/88
I, [2025-06-24T11:46:41.153538 #23774]  INFO -- : Storing chunk 39 for session aeeb4ae4ff4eec119d80e5f2b0d250c8 (size: 1048592 bytes)
I, [2025-06-24T11:46:41.154061 #23769]  INFO -- : Chunk upload request - Content-Type: multipart/form-data; boundary=----WebKitFormBoundaryPwfJhEkqX29XrKHe
I, [2025-06-24T11:46:41.154776 #23774]  INFO -- : Chunk upload request - Content-Type: multipart/form-data; boundary=----WebKitFormBoundaryzMpamMxioKP4ndWz
I, [2025-06-24T11:46:41.155501 #23774]  INFO -- : Storing chunk 40 for session aeeb4ae4ff4eec119d80e5f2b0d250c8 (size: 1048592 bytes)
I, [2025-06-24T11:46:41.157807 #23769]  INFO -- : Chunk 38 stored successfully: 39/88
I, [2025-06-24T11:46:41.159623 #23769]  INFO -- : Storing chunk 42 for session aeeb4ae4ff4eec119d80e5f2b0d250c8 (size: 1048592 bytes)
I, [2025-06-24T11:46:41.160267 #23774]  INFO -- : Storing chunk 41 for session aeeb4ae4ff4eec119d80e5f2b0d250c8 (size: 1048592 bytes)
I, [2025-06-24T11:46:41.160494 #23769]  INFO -- : Chunk upload request - Content-Type: multipart/form-data; boundary=----WebKitFormBoundaryrewa7Qs0EVfAdmWh
I, [2025-06-24T11:46:41.163109 #23774]  INFO -- : Chunk 39 stored successfully: 40/88
I, [2025-06-24T11:46:41.168805 #23774]  INFO -- : Chunk 40 stored successfully: 41/88
I, [2025-06-24T11:46:41.170823 #23769]  INFO -- : Storing chunk 43 for session aeeb4ae4ff4eec119d80e5f2b0d250c8 (size: 1048592 bytes)
I, [2025-06-24T11:46:41.172070 #23774]  INFO -- : Chunk upload request - Content-Type: multipart/form-data; boundary=----WebKitFormBoundaryofm8DxqFAAGmaZAX
I, [2025-06-24T11:46:41.173749 #23769]  INFO -- : Chunk 42 stored successfully: 42/88
I, [2025-06-24T11:46:41.175088 #23774]  INFO -- : Chunk upload request - Content-Type: multipart/form-data; boundary=----WebKitFormBoundaryhULPYcIAI1tT6Pgk
I, [2025-06-24T11:46:41.179027 #23769]  INFO -- : Chunk upload request - Content-Type: multipart/form-data; boundary=----WebKitFormBoundaryAvX9txbpLyZa5qd3
I, [2025-06-24T11:46:41.190392 #23774]  INFO -- : Storing chunk 44 for session aeeb4ae4ff4eec119d80e5f2b0d250c8 (size: 1048592 bytes)
I, [2025-06-24T11:46:41.190559 #23774]  INFO -- : Storing chunk 45 for session aeeb4ae4ff4eec119d80e5f2b0d250c8 (size: 1048592 bytes)
I, [2025-06-24T11:46:41.191136 #23774]  INFO -- : Chunk 41 stored successfully: 43/88
I, [2025-06-24T11:46:41.191799 #23769]  INFO -- : Storing chunk 47 for session aeeb4ae4ff4eec119d80e5f2b0d250c8 (size: 1048592 bytes)
I, [2025-06-24T11:46:41.192450 #23774]  INFO -- : Chunk upload request - Content-Type: multipart/form-data; boundary=----WebKitFormBoundarydjjipo06NyoU8wBG
I, [2025-06-24T11:46:41.194705 #23774]  INFO -- : Storing chunk 46 for session aeeb4ae4ff4eec119d80e5f2b0d250c8 (size: 1048592 bytes)
I, [2025-06-24T11:46:41.195095 #23769]  INFO -- : Chunk 43 stored successfully: 44/88
I, [2025-06-24T11:46:41.198744 #23774]  INFO -- : Chunk 44 stored successfully: 45/88
I, [2025-06-24T11:46:41.201391 #23769]  INFO -- : Chunk upload request - Content-Type: multipart/form-data; boundary=----WebKitFormBoundarytBqPVJBdF6UQ2J4g
I, [2025-06-24T11:46:41.202025 #23769]  INFO -- : Chunk upload request - Content-Type: multipart/form-data; boundary=----WebKitFormBoundary6XUqom9uiF3odSfx
I, [2025-06-24T11:46:41.203172 #23774]  INFO -- : Chunk 45 stored successfully: 46/88
I, [2025-06-24T11:46:41.204332 #23769]  INFO -- : Storing chunk 48 for session aeeb4ae4ff4eec119d80e5f2b0d250c8 (size: 1048592 bytes)
I, [2025-06-24T11:46:41.205205 #23769]  INFO -- : Storing chunk 49 for session aeeb4ae4ff4eec119d80e5f2b0d250c8 (size: 1048592 bytes)
I, [2025-06-24T11:46:41.207968 #23769]  INFO -- : Chunk 47 stored successfully: 47/88
I, [2025-06-24T11:46:41.210583 #23774]  INFO -- : Chunk upload request - Content-Type: multipart/form-data; boundary=----WebKitFormBoundaryye1QQsX21x0Bzlyv
I, [2025-06-24T11:46:41.211107 #23774]  INFO -- : Chunk upload request - Content-Type: multipart/form-data; boundary=----WebKitFormBoundarypqNGTEpSG0vCAilz
I, [2025-06-24T11:46:41.214602 #23774]  INFO -- : Storing chunk 50 for session aeeb4ae4ff4eec119d80e5f2b0d250c8 (size: 1048592 bytes)
I, [2025-06-24T11:46:41.214750 #23774]  INFO -- : Chunk 46 stored successfully: 48/88
I, [2025-06-24T11:46:41.216511 #23774]  INFO -- : Storing chunk 51 for session aeeb4ae4ff4eec119d80e5f2b0d250c8 (size: 1048592 bytes)
I, [2025-06-24T11:46:41.219042 #23769]  INFO -- : Chunk 48 stored successfully: 49/88
I, [2025-06-24T11:46:41.219124 #23774]  INFO -- : Chunk upload request - Content-Type: multipart/form-data; boundary=----WebKitFormBoundarySKdc5cFSdUlKcl7A
I, [2025-06-24T11:46:41.219799 #23774]  INFO -- : Chunk upload request - Content-Type: multipart/form-data; boundary=----WebKitFormBoundarynJ7qdhyWlbXiqJ4A
I, [2025-06-24T11:46:41.223418 #23769]  INFO -- : Chunk upload request - Content-Type: multipart/form-data; boundary=----WebKitFormBoundaryTewjhZvigSZ947jd
I, [2025-06-24T11:46:41.223780 #23769]  INFO -- : Chunk 49 stored successfully: 50/88
I, [2025-06-24T11:46:41.224293 #23774]  INFO -- : Storing chunk 53 for session aeeb4ae4ff4eec119d80e5f2b0d250c8 (size: 1048592 bytes)
I, [2025-06-24T11:46:41.224841 #23774]  INFO -- : Storing chunk 52 for session aeeb4ae4ff4eec119d80e5f2b0d250c8 (size: 1048592 bytes)
I, [2025-06-24T11:46:41.227585 #23769]  INFO -- : Storing chunk 54 for session aeeb4ae4ff4eec119d80e5f2b0d250c8 (size: 1048592 bytes)
I, [2025-06-24T11:46:41.228322 #23774]  INFO -- : Chunk 50 stored successfully: 51/88
I, [2025-06-24T11:46:41.228454 #23769]  INFO -- : Chunk upload request - Content-Type: multipart/form-data; boundary=----WebKitFormBoundaryDBKJY1LZdKjG6bBM
I, [2025-06-24T11:46:41.230805 #23769]  INFO -- : Storing chunk 55 for session aeeb4ae4ff4eec119d80e5f2b0d250c8 (size: 1048592 bytes)
I, [2025-06-24T11:46:41.233170 #23774]  INFO -- : Chunk 51 stored successfully: 52/88
I, [2025-06-24T11:46:41.237293 #23774]  INFO -- : Chunk upload request - Content-Type: multipart/form-data; boundary=----WebKitFormBoundaryrdF67MwaBQnetXU4
I, [2025-06-24T11:46:41.237688 #23774]  INFO -- : Chunk 53 stored successfully: 53/88
I, [2025-06-24T11:46:41.238591 #23774]  INFO -- : Chunk upload request - Content-Type: multipart/form-data; boundary=----WebKitFormBoundaryrBheMuwAI8KM7PNs
I, [2025-06-24T11:46:41.244048 #23774]  INFO -- : Storing chunk 56 for session aeeb4ae4ff4eec119d80e5f2b0d250c8 (size: 1048592 bytes)
I, [2025-06-24T11:46:41.244246 #23774]  INFO -- : Storing chunk 57 for session aeeb4ae4ff4eec119d80e5f2b0d250c8 (size: 1048592 bytes)
I, [2025-06-24T11:46:41.244948 #23774]  INFO -- : Chunk 52 stored successfully: 54/88
I, [2025-06-24T11:46:41.246368 #23774]  INFO -- : Chunk upload request - Content-Type: multipart/form-data; boundary=----WebKitFormBoundaryv5Zu82DV5EakODcI
I, [2025-06-24T11:46:41.248853 #23774]  INFO -- : Storing chunk 58 for session aeeb4ae4ff4eec119d80e5f2b0d250c8 (size: 1048592 bytes)
I, [2025-06-24T11:46:41.250261 #23769]  INFO -- : Chunk 54 stored successfully: 55/88
I, [2025-06-24T11:46:41.254262 #23769]  INFO -- : Chunk upload request - Content-Type: multipart/form-data; boundary=----WebKitFormBoundaryur7kkemsfjJy2BTK
I, [2025-06-24T11:46:41.254517 #23769]  INFO -- : Chunk 55 stored successfully: 56/88
I, [2025-06-24T11:46:41.255020 #23774]  INFO -- : Chunk upload request - Content-Type: multipart/form-data; boundary=----WebKitFormBoundarynNNI5giM1JAuotTF
I, [2025-06-24T11:46:41.258099 #23774]  INFO -- : Storing chunk 60 for session aeeb4ae4ff4eec119d80e5f2b0d250c8 (size: 1048592 bytes)
I, [2025-06-24T11:46:41.259704 #23774]  INFO -- : Chunk 56 stored successfully: 57/88
I, [2025-06-24T11:46:41.260138 #23769]  INFO -- : Storing chunk 59 for session aeeb4ae4ff4eec119d80e5f2b0d250c8 (size: 1048592 bytes)
I, [2025-06-24T11:46:41.261442 #23769]  INFO -- : Chunk upload request - Content-Type: multipart/form-data; boundary=----WebKitFormBoundaryWLiAuUlePsyOxAGb
I, [2025-06-24T11:46:41.264176 #23774]  INFO -- : Chunk upload request - Content-Type: multipart/form-data; boundary=----WebKitFormBoundaryPCbmugYiniNxaxsi
I, [2025-06-24T11:46:41.264500 #23774]  INFO -- : Chunk 57 stored successfully: 58/88
I, [2025-06-24T11:46:41.264728 #23769]  INFO -- : Storing chunk 61 for session aeeb4ae4ff4eec119d80e5f2b0d250c8 (size: 1048592 bytes)
I, [2025-06-24T11:46:41.268643 #23774]  INFO -- : Storing chunk 62 for session aeeb4ae4ff4eec119d80e5f2b0d250c8 (size: 1048592 bytes)
I, [2025-06-24T11:46:41.268686 #23769]  INFO -- : Chunk upload request - Content-Type: multipart/form-data; boundary=----WebKitFormBoundaryphTRK2lHGwIdefo0
I, [2025-06-24T11:46:41.269543 #23774]  INFO -- : Chunk 58 stored successfully: 59/88
I, [2025-06-24T11:46:41.271400 #23769]  INFO -- : Storing chunk 63 for session aeeb4ae4ff4eec119d80e5f2b0d250c8 (size: 1048592 bytes)
I, [2025-06-24T11:46:41.273959 #23774]  INFO -- : Chunk upload request - Content-Type: multipart/form-data; boundary=----WebKitFormBoundaryoPlYsfCzKvb1uMtt
I, [2025-06-24T11:46:41.275073 #23774]  INFO -- : Chunk 60 stored successfully: 60/88
I, [2025-06-24T11:46:41.279437 #23774]  INFO -- : Storing chunk 64 for session aeeb4ae4ff4eec119d80e5f2b0d250c8 (size: 1048592 bytes)
I, [2025-06-24T11:46:41.281345 #23769]  INFO -- : Chunk 59 stored successfully: 61/88
I, [2025-06-24T11:46:41.281517 #23774]  INFO -- : Chunk upload request - Content-Type: multipart/form-data; boundary=----WebKitFormBoundary9RABB5iP1fFfBPTE
I, [2025-06-24T11:46:41.285882 #23769]  INFO -- : Chunk upload request - Content-Type: multipart/form-data; boundary=----WebKitFormBoundaryuliLmvbYY8fcFodU
I, [2025-06-24T11:46:41.286142 #23769]  INFO -- : Chunk 61 stored successfully: 62/88
I, [2025-06-24T11:46:41.286284 #23774]  INFO -- : Storing chunk 65 for session aeeb4ae4ff4eec119d80e5f2b0d250c8 (size: 1048592 bytes)
I, [2025-06-24T11:46:41.290425 #23769]  INFO -- : Storing chunk 66 for session aeeb4ae4ff4eec119d80e5f2b0d250c8 (size: 1048592 bytes)
I, [2025-06-24T11:46:41.291852 #23774]  INFO -- : Chunk 62 stored successfully: 63/88
I, [2025-06-24T11:46:41.293051 #23774]  INFO -- : Chunk upload request - Content-Type: multipart/form-data; boundary=----WebKitFormBoundaryBr2ISmzuCvtRbkzz
I, [2025-06-24T11:46:41.293624 #23769]  INFO -- : Chunk 63 stored successfully: 64/88
I, [2025-06-24T11:46:41.299373 #23774]  INFO -- : Chunk upload request - Content-Type: multipart/form-data; boundary=----WebKitFormBoundaryvl5jR0WNbAAitspr
I, [2025-06-24T11:46:41.300328 #23774]  INFO -- : Storing chunk 67 for session aeeb4ae4ff4eec119d80e5f2b0d250c8 (size: 1048592 bytes)
I, [2025-06-24T11:46:41.300593 #23774]  INFO -- : Chunk 64 stored successfully: 65/88
I, [2025-06-24T11:46:41.302696 #23769]  INFO -- : Chunk upload request - Content-Type: multipart/form-data; boundary=----WebKitFormBoundaryILIP1xrNuF29rW80
I, [2025-06-24T11:46:41.305434 #23769]  INFO -- : Storing chunk 69 for session aeeb4ae4ff4eec119d80e5f2b0d250c8 (size: 1048592 bytes)
I, [2025-06-24T11:46:41.308920 #23774]  INFO -- : Storing chunk 68 for session aeeb4ae4ff4eec119d80e5f2b0d250c8 (size: 1048592 bytes)
I, [2025-06-24T11:46:41.309545 #23774]  INFO -- : Chunk 65 stored successfully: 66/88
I, [2025-06-24T11:46:41.310822 #23774]  INFO -- : Chunk upload request - Content-Type: multipart/form-data; boundary=----WebKitFormBoundaryK0DF9OzHSFAJh0rl
I, [2025-06-24T11:46:41.317555 #23774]  INFO -- : Chunk 68 stored successfully: 67/88
I, [2025-06-24T11:46:41.319827 #23769]  INFO -- : Chunk upload request - Content-Type: multipart/form-data; boundary=----WebKitFormBoundarygntdj4R1AZdn9WRj
I, [2025-06-24T11:46:41.320920 #23774]  INFO -- : Storing chunk 70 for session aeeb4ae4ff4eec119d80e5f2b0d250c8 (size: 1048592 bytes)
I, [2025-06-24T11:46:41.322995 #23769]  INFO -- : Chunk 66 stored successfully: 68/88
I, [2025-06-24T11:46:41.323370 #23769]  INFO -- : Storing chunk 71 for session aeeb4ae4ff4eec119d80e5f2b0d250c8 (size: 1048592 bytes)
I, [2025-06-24T11:46:41.326724 #23774]  INFO -- : Chunk 67 stored successfully: 69/88
I, [2025-06-24T11:46:41.329685 #23769]  INFO -- : Chunk upload request - Content-Type: multipart/form-data; boundary=----WebKitFormBoundaryAbUb8eus4f7vUxnh
I, [2025-06-24T11:46:41.330295 #23769]  INFO -- : Chunk upload request - Content-Type: multipart/form-data; boundary=----WebKitFormBoundary3n3mTPt0McKCtVCu
I, [2025-06-24T11:46:41.336796 #23769]  INFO -- : Chunk 69 stored successfully: 70/88
I, [2025-06-24T11:46:41.337154 #23769]  INFO -- : Storing chunk 73 for session aeeb4ae4ff4eec119d80e5f2b0d250c8 (size: 1048592 bytes)
I, [2025-06-24T11:46:41.337191 #23769]  INFO -- : Storing chunk 72 for session aeeb4ae4ff4eec119d80e5f2b0d250c8 (size: 1048592 bytes)
I, [2025-06-24T11:46:41.343289 #23774]  INFO -- : Chunk upload request - Content-Type: multipart/form-data; boundary=----WebKitFormBoundarymOj2RX53ldElUnDv
I, [2025-06-24T11:46:41.346208 #23774]  INFO -- : Chunk upload request - Content-Type: multipart/form-data; boundary=----WebKitFormBoundaryMfxWHVd1A8iucxSs
I, [2025-06-24T11:46:41.347142 #23774]  INFO -- : Storing chunk 74 for session aeeb4ae4ff4eec119d80e5f2b0d250c8 (size: 1048592 bytes)
I, [2025-06-24T11:46:41.348121 #23774]  INFO -- : Chunk 70 stored successfully: 71/88
I, [2025-06-24T11:46:41.349946 #23774]  INFO -- : Storing chunk 75 for session aeeb4ae4ff4eec119d80e5f2b0d250c8 (size: 1048592 bytes)
I, [2025-06-24T11:46:41.351282 #23769]  INFO -- : Chunk 71 stored successfully: 72/88
I, [2025-06-24T11:46:41.355432 #23769]  INFO -- : Chunk 73 stored successfully: 73/88
I, [2025-06-24T11:46:41.358288 #23769]  INFO -- : Chunk upload request - Content-Type: multipart/form-data; boundary=----WebKitFormBoundaryHEUch4dgZacqnJBg
I, [2025-06-24T11:46:41.361759 #23769]  INFO -- : Chunk upload request - Content-Type: multipart/form-data; boundary=----WebKitFormBoundaryNE4AeOKTlCoaZxD1
I, [2025-06-24T11:46:41.363671 #23769]  INFO -- : Chunk 72 stored successfully: 74/88
I, [2025-06-24T11:46:41.364969 #23774]  INFO -- : Chunk 74 stored successfully: 75/88
I, [2025-06-24T11:46:41.365498 #23769]  INFO -- : Storing chunk 76 for session aeeb4ae4ff4eec119d80e5f2b0d250c8 (size: 1048592 bytes)
I, [2025-06-24T11:46:41.369061 #23774]  INFO -- : Chunk upload request - Content-Type: multipart/form-data; boundary=----WebKitFormBoundaryP4p93XV7ZDFBQWz5
I, [2025-06-24T11:46:41.369269 #23774]  INFO -- : Chunk 75 stored successfully: 76/88
I, [2025-06-24T11:46:41.370073 #23769]  INFO -- : Chunk upload request - Content-Type: multipart/form-data; boundary=----WebKitFormBoundaryDvmp4NRi8fRz6Ftu
I, [2025-06-24T11:46:41.373277 #23774]  INFO -- : Storing chunk 79 for session aeeb4ae4ff4eec119d80e5f2b0d250c8 (size: 1048592 bytes)
I, [2025-06-24T11:46:41.373902 #23774]  INFO -- : Chunk upload request - Content-Type: multipart/form-data; boundary=----WebKitFormBoundary83ycbvGjgRqunpRA
I, [2025-06-24T11:46:41.374219 #23769]  INFO -- : Storing chunk 77 for session aeeb4ae4ff4eec119d80e5f2b0d250c8 (size: 1048592 bytes)
I, [2025-06-24T11:46:41.377995 #23774]  INFO -- : Storing chunk 81 for session aeeb4ae4ff4eec119d80e5f2b0d250c8 (size: 1048592 bytes)
I, [2025-06-24T11:46:41.377313 #23769]  INFO -- : Chunk upload request - Content-Type: multipart/form-data; boundary=----WebKitFormBoundary8X40TBXV890zqrgR
I, [2025-06-24T11:46:41.378886 #23769]  INFO -- : Storing chunk 78 for session aeeb4ae4ff4eec119d80e5f2b0d250c8 (size: 1048592 bytes)
I, [2025-06-24T11:46:41.383341 #23769]  INFO -- : Chunk 76 stored successfully: 77/88
I, [2025-06-24T11:46:41.384883 #23769]  INFO -- : Storing chunk 80 for session aeeb4ae4ff4eec119d80e5f2b0d250c8 (size: 1048592 bytes)
I, [2025-06-24T11:46:41.386554 #23774]  INFO -- : Chunk 79 stored successfully: 78/88
I, [2025-06-24T11:46:41.390124 #23769]  INFO -- : Chunk 77 stored successfully: 79/88
I, [2025-06-24T11:46:41.390776 #23774]  INFO -- : Chunk upload request - Content-Type: multipart/form-data; boundary=----WebKitFormBoundaryARahcJQ75Rc86fHY
I, [2025-06-24T11:46:41.392060 #23774]  INFO -- : Chunk upload request - Content-Type: multipart/form-data; boundary=----WebKitFormBoundaryHupnzxzpYTCsTp6m
I, [2025-06-24T11:46:41.394474 #23769]  INFO -- : Chunk upload request - Content-Type: multipart/form-data; boundary=----WebKitFormBoundaryaPhyuiUwNGn61cJZ
I, [2025-06-24T11:46:41.395503 #23774]  INFO -- : Storing chunk 82 for session aeeb4ae4ff4eec119d80e5f2b0d250c8 (size: 1048592 bytes)
I, [2025-06-24T11:46:41.396364 #23774]  INFO -- : Storing chunk 83 for session aeeb4ae4ff4eec119d80e5f2b0d250c8 (size: 1048592 bytes)
I, [2025-06-24T11:46:41.396502 #23774]  INFO -- : Chunk 81 stored successfully: 80/88
I, [2025-06-24T11:46:41.396923 #23769]  INFO -- : Storing chunk 84 for session aeeb4ae4ff4eec119d80e5f2b0d250c8 (size: 1048592 bytes)
I, [2025-06-24T11:46:41.400150 #23769]  INFO -- : Chunk 78 stored successfully: 81/88
I, [2025-06-24T11:46:41.403840 #23769]  INFO -- : Chunk 80 stored successfully: 82/88
I, [2025-06-24T11:46:41.405086 #23769]  INFO -- : Chunk upload request - Content-Type: multipart/form-data; boundary=----WebKitFormBoundaryrRmNFLz25Ib1qcIl
I, [2025-06-24T11:46:41.407225 #23769]  INFO -- : Chunk upload request - Content-Type: multipart/form-data; boundary=----WebKitFormBoundaryhqrewLlNtmGKBRfY
I, [2025-06-24T11:46:41.407452 #23774]  INFO -- : Chunk 82 stored successfully: 83/88
I, [2025-06-24T11:46:41.408384 #23769]  INFO -- : Storing chunk 85 for session aeeb4ae4ff4eec119d80e5f2b0d250c8 (size: 1048592 bytes)
I, [2025-06-24T11:46:41.409560 #23769]  INFO -- : Chunk upload request - Content-Type: multipart/form-data; boundary=----WebKitFormBoundaryyNtLHV9GzpzgcqnH
I, [2025-06-24T11:46:41.410164 #23769]  INFO -- : Storing chunk 86 for session aeeb4ae4ff4eec119d80e5f2b0d250c8 (size: 1048592 bytes)
I, [2025-06-24T11:46:41.411216 #23774]  INFO -- : Chunk 83 stored successfully: 84/88
I, [2025-06-24T11:46:41.411232 #23769]  INFO -- : Storing chunk 87 for session aeeb4ae4ff4eec119d80e5f2b0d250c8 (size: 784640 bytes)
I, [2025-06-24T11:46:41.414433 #23769]  INFO -- : Chunk 84 stored successfully: 85/88
I, [2025-06-24T11:46:41.417745 #23769]  INFO -- : Chunk 85 stored successfully: 86/88
I, [2025-06-24T11:46:41.420882 #23769]  INFO -- : Chunk 86 stored successfully: 87/88
I, [2025-06-24T11:46:41.423572 #23769]  INFO -- : Chunk 87 stored successfully: 88/88
I, [2025-06-24T11:46:41.641155 #23769]  INFO -- : Streaming upload finalized: tF9eSXTb
