# Logfile created on 2025-06-24 11:45:28 +0200 by logger.rb/v1.7.0
I, [2025-06-24T11:45:28.894245 #23734]  INFO -- : StreamingUpload storage initialized
I, [2025-06-24T11:45:52.593005 #23760]  INFO -- : StreamingUpload storage initialized
I, [2025-06-24T11:46:38.102666 #23774]  INFO -- : Session created: aeeb4ae4ff4eec119d80e5f2b0d250c8 for file: The Invention of Hugo Cabret (Selznick Brian) (Z-Library).azw3 (88 chunks)
I, [2025-06-24T11:46:38.214409 #23769]  INFO -- : Chunk 0 stored for session aeeb4ae4ff4eec119d80e5f2b0d250c8: 1048592 bytes
I, [2025-06-24T11:46:38.219828 #23774]  INFO -- : Chunk 1 stored for session aeeb4ae4ff4eec119d80e5f2b0d250c8: 1048592 bytes
I, [2025-06-24T11:46:38.378082 #23769]  INFO -- : Chunk 2 stored for session aeeb4ae4ff4eec119d80e5f2b0d250c8: 1048592 bytes
I, [2025-06-24T11:46:38.522240 #23774]  INFO -- : Chunk 3 stored for session aeeb4ae4ff4eec119d80e5f2b0d250c8: 1048592 bytes
I, [2025-06-24T11:46:38.673186 #23769]  INFO -- : Chunk 4 stored for session aeeb4ae4ff4eec119d80e5f2b0d250c8: 1048592 bytes
I, [2025-06-24T11:46:38.772774 #23769]  INFO -- : Chunk 5 stored for session aeeb4ae4ff4eec119d80e5f2b0d250c8: 1048592 bytes
I, [2025-06-24T11:46:38.906794 #23774]  INFO -- : Chunk 6 stored for session aeeb4ae4ff4eec119d80e5f2b0d250c8: 1048592 bytes
I, [2025-06-24T11:46:39.007258 #23769]  INFO -- : Chunk 7 stored for session aeeb4ae4ff4eec119d80e5f2b0d250c8: 1048592 bytes
I, [2025-06-24T11:46:39.142880 #23774]  INFO -- : Chunk 8 stored for session aeeb4ae4ff4eec119d80e5f2b0d250c8: 1048592 bytes
I, [2025-06-24T11:46:39.276797 #23769]  INFO -- : Chunk 9 stored for session aeeb4ae4ff4eec119d80e5f2b0d250c8: 1048592 bytes
I, [2025-06-24T11:46:39.355669 #23774]  INFO -- : Chunk 10 stored for session aeeb4ae4ff4eec119d80e5f2b0d250c8: 1048592 bytes
I, [2025-06-24T11:46:39.490031 #23774]  INFO -- : Chunk 11 stored for session aeeb4ae4ff4eec119d80e5f2b0d250c8: 1048592 bytes
I, [2025-06-24T11:46:39.618715 #23769]  INFO -- : Chunk 12 stored for session aeeb4ae4ff4eec119d80e5f2b0d250c8: 1048592 bytes
I, [2025-06-24T11:46:39.745680 #23774]  INFO -- : Chunk 13 stored for session aeeb4ae4ff4eec119d80e5f2b0d250c8: 1048592 bytes
I, [2025-06-24T11:46:39.901403 #23769]  INFO -- : Chunk 14 stored for session aeeb4ae4ff4eec119d80e5f2b0d250c8: 1048592 bytes
I, [2025-06-24T11:46:40.024712 #23774]  INFO -- : Chunk 15 stored for session aeeb4ae4ff4eec119d80e5f2b0d250c8: 1048592 bytes
I, [2025-06-24T11:46:40.159298 #23769]  INFO -- : Chunk 16 stored for session aeeb4ae4ff4eec119d80e5f2b0d250c8: 1048592 bytes
I, [2025-06-24T11:46:40.253506 #23774]  INFO -- : Chunk 17 stored for session aeeb4ae4ff4eec119d80e5f2b0d250c8: 1048592 bytes
I, [2025-06-24T11:46:40.341416 #23769]  INFO -- : Chunk 18 stored for session aeeb4ae4ff4eec119d80e5f2b0d250c8: 1048592 bytes
I, [2025-06-24T11:46:40.467157 #23774]  INFO -- : Chunk 19 stored for session aeeb4ae4ff4eec119d80e5f2b0d250c8: 1048592 bytes
I, [2025-06-24T11:46:40.594921 #23769]  INFO -- : Chunk 20 stored for session aeeb4ae4ff4eec119d80e5f2b0d250c8: 1048592 bytes
I, [2025-06-24T11:46:40.722994 #23774]  INFO -- : Chunk 21 stored for session aeeb4ae4ff4eec119d80e5f2b0d250c8: 1048592 bytes
I, [2025-06-24T11:46:40.816648 #23769]  INFO -- : Chunk 22 stored for session aeeb4ae4ff4eec119d80e5f2b0d250c8: 1048592 bytes
I, [2025-06-24T11:46:40.975783 #23774]  INFO -- : Chunk 23 stored for session aeeb4ae4ff4eec119d80e5f2b0d250c8: 1048592 bytes
I, [2025-06-24T11:46:41.041299 #23769]  INFO -- : Chunk 24 stored for session aeeb4ae4ff4eec119d80e5f2b0d250c8: 1048592 bytes
I, [2025-06-24T11:46:41.059121 #23769]  INFO -- : Chunk 25 stored for session aeeb4ae4ff4eec119d80e5f2b0d250c8: 1048592 bytes
I, [2025-06-24T11:46:41.063824 #23774]  INFO -- : Chunk 26 stored for session aeeb4ae4ff4eec119d80e5f2b0d250c8: 1048592 bytes
I, [2025-06-24T11:46:41.068346 #23769]  INFO -- : Chunk 27 stored for session aeeb4ae4ff4eec119d80e5f2b0d250c8: 1048592 bytes
I, [2025-06-24T11:46:41.072914 #23774]  INFO -- : Chunk 28 stored for session aeeb4ae4ff4eec119d80e5f2b0d250c8: 1048592 bytes
I, [2025-06-24T11:46:41.077043 #23774]  INFO -- : Chunk 30 stored for session aeeb4ae4ff4eec119d80e5f2b0d250c8: 1048592 bytes
I, [2025-06-24T11:46:41.080890 #23769]  INFO -- : Chunk 29 stored for session aeeb4ae4ff4eec119d80e5f2b0d250c8: 1048592 bytes
I, [2025-06-24T11:46:41.085974 #23769]  INFO -- : Chunk 31 stored for session aeeb4ae4ff4eec119d80e5f2b0d250c8: 1048592 bytes
I, [2025-06-24T11:46:41.091994 #23774]  INFO -- : Chunk 32 stored for session aeeb4ae4ff4eec119d80e5f2b0d250c8: 1048592 bytes
I, [2025-06-24T11:46:41.096019 #23769]  INFO -- : Chunk 33 stored for session aeeb4ae4ff4eec119d80e5f2b0d250c8: 1048592 bytes
I, [2025-06-24T11:46:41.099299 #23774]  INFO -- : Chunk 34 stored for session aeeb4ae4ff4eec119d80e5f2b0d250c8: 1048592 bytes
I, [2025-06-24T11:46:41.129896 #23774]  INFO -- : Chunk 36 stored for session aeeb4ae4ff4eec119d80e5f2b0d250c8: 1048592 bytes
I, [2025-06-24T11:46:41.139609 #23769]  INFO -- : Chunk 35 stored for session aeeb4ae4ff4eec119d80e5f2b0d250c8: 1048592 bytes
I, [2025-06-24T11:46:41.149746 #23769]  INFO -- : Chunk 37 stored for session aeeb4ae4ff4eec119d80e5f2b0d250c8: 1048592 bytes
I, [2025-06-24T11:46:41.157707 #23769]  INFO -- : Chunk 38 stored for session aeeb4ae4ff4eec119d80e5f2b0d250c8: 1048592 bytes
I, [2025-06-24T11:46:41.163057 #23774]  INFO -- : Chunk 39 stored for session aeeb4ae4ff4eec119d80e5f2b0d250c8: 1048592 bytes
I, [2025-06-24T11:46:41.168713 #23774]  INFO -- : Chunk 40 stored for session aeeb4ae4ff4eec119d80e5f2b0d250c8: 1048592 bytes
I, [2025-06-24T11:46:41.173653 #23769]  INFO -- : Chunk 42 stored for session aeeb4ae4ff4eec119d80e5f2b0d250c8: 1048592 bytes
I, [2025-06-24T11:46:41.191058 #23774]  INFO -- : Chunk 41 stored for session aeeb4ae4ff4eec119d80e5f2b0d250c8: 1048592 bytes
I, [2025-06-24T11:46:41.195036 #23769]  INFO -- : Chunk 43 stored for session aeeb4ae4ff4eec119d80e5f2b0d250c8: 1048592 bytes
I, [2025-06-24T11:46:41.198631 #23774]  INFO -- : Chunk 44 stored for session aeeb4ae4ff4eec119d80e5f2b0d250c8: 1048592 bytes
I, [2025-06-24T11:46:41.203099 #23774]  INFO -- : Chunk 45 stored for session aeeb4ae4ff4eec119d80e5f2b0d250c8: 1048592 bytes
I, [2025-06-24T11:46:41.207925 #23769]  INFO -- : Chunk 47 stored for session aeeb4ae4ff4eec119d80e5f2b0d250c8: 1048592 bytes
I, [2025-06-24T11:46:41.214714 #23774]  INFO -- : Chunk 46 stored for session aeeb4ae4ff4eec119d80e5f2b0d250c8: 1048592 bytes
I, [2025-06-24T11:46:41.218994 #23769]  INFO -- : Chunk 48 stored for session aeeb4ae4ff4eec119d80e5f2b0d250c8: 1048592 bytes
I, [2025-06-24T11:46:41.223720 #23769]  INFO -- : Chunk 49 stored for session aeeb4ae4ff4eec119d80e5f2b0d250c8: 1048592 bytes
I, [2025-06-24T11:46:41.228271 #23774]  INFO -- : Chunk 50 stored for session aeeb4ae4ff4eec119d80e5f2b0d250c8: 1048592 bytes
I, [2025-06-24T11:46:41.233090 #23774]  INFO -- : Chunk 51 stored for session aeeb4ae4ff4eec119d80e5f2b0d250c8: 1048592 bytes
I, [2025-06-24T11:46:41.237593 #23774]  INFO -- : Chunk 53 stored for session aeeb4ae4ff4eec119d80e5f2b0d250c8: 1048592 bytes
I, [2025-06-24T11:46:41.244911 #23774]  INFO -- : Chunk 52 stored for session aeeb4ae4ff4eec119d80e5f2b0d250c8: 1048592 bytes
I, [2025-06-24T11:46:41.250187 #23769]  INFO -- : Chunk 54 stored for session aeeb4ae4ff4eec119d80e5f2b0d250c8: 1048592 bytes
I, [2025-06-24T11:46:41.254477 #23769]  INFO -- : Chunk 55 stored for session aeeb4ae4ff4eec119d80e5f2b0d250c8: 1048592 bytes
I, [2025-06-24T11:46:41.259622 #23774]  INFO -- : Chunk 56 stored for session aeeb4ae4ff4eec119d80e5f2b0d250c8: 1048592 bytes
I, [2025-06-24T11:46:41.264443 #23774]  INFO -- : Chunk 57 stored for session aeeb4ae4ff4eec119d80e5f2b0d250c8: 1048592 bytes
I, [2025-06-24T11:46:41.269487 #23774]  INFO -- : Chunk 58 stored for session aeeb4ae4ff4eec119d80e5f2b0d250c8: 1048592 bytes
I, [2025-06-24T11:46:41.275018 #23774]  INFO -- : Chunk 60 stored for session aeeb4ae4ff4eec119d80e5f2b0d250c8: 1048592 bytes
I, [2025-06-24T11:46:41.281296 #23769]  INFO -- : Chunk 59 stored for session aeeb4ae4ff4eec119d80e5f2b0d250c8: 1048592 bytes
I, [2025-06-24T11:46:41.285962 #23769]  INFO -- : Chunk 61 stored for session aeeb4ae4ff4eec119d80e5f2b0d250c8: 1048592 bytes
I, [2025-06-24T11:46:41.289721 #23774]  INFO -- : Chunk 62 stored for session aeeb4ae4ff4eec119d80e5f2b0d250c8: 1048592 bytes
I, [2025-06-24T11:46:41.293573 #23769]  INFO -- : Chunk 63 stored for session aeeb4ae4ff4eec119d80e5f2b0d250c8: 1048592 bytes
I, [2025-06-24T11:46:41.300546 #23774]  INFO -- : Chunk 64 stored for session aeeb4ae4ff4eec119d80e5f2b0d250c8: 1048592 bytes
I, [2025-06-24T11:46:41.309465 #23774]  INFO -- : Chunk 65 stored for session aeeb4ae4ff4eec119d80e5f2b0d250c8: 1048592 bytes
I, [2025-06-24T11:46:41.317507 #23774]  INFO -- : Chunk 68 stored for session aeeb4ae4ff4eec119d80e5f2b0d250c8: 1048592 bytes
I, [2025-06-24T11:46:41.322918 #23769]  INFO -- : Chunk 66 stored for session aeeb4ae4ff4eec119d80e5f2b0d250c8: 1048592 bytes
I, [2025-06-24T11:46:41.326676 #23774]  INFO -- : Chunk 67 stored for session aeeb4ae4ff4eec119d80e5f2b0d250c8: 1048592 bytes
I, [2025-06-24T11:46:41.336695 #23769]  INFO -- : Chunk 69 stored for session aeeb4ae4ff4eec119d80e5f2b0d250c8: 1048592 bytes
I, [2025-06-24T11:46:41.348059 #23774]  INFO -- : Chunk 70 stored for session aeeb4ae4ff4eec119d80e5f2b0d250c8: 1048592 bytes
I, [2025-06-24T11:46:41.351238 #23769]  INFO -- : Chunk 71 stored for session aeeb4ae4ff4eec119d80e5f2b0d250c8: 1048592 bytes
I, [2025-06-24T11:46:41.355355 #23769]  INFO -- : Chunk 73 stored for session aeeb4ae4ff4eec119d80e5f2b0d250c8: 1048592 bytes
I, [2025-06-24T11:46:41.363591 #23769]  INFO -- : Chunk 72 stored for session aeeb4ae4ff4eec119d80e5f2b0d250c8: 1048592 bytes
I, [2025-06-24T11:46:41.364871 #23774]  INFO -- : Chunk 74 stored for session aeeb4ae4ff4eec119d80e5f2b0d250c8: 1048592 bytes
I, [2025-06-24T11:46:41.369231 #23774]  INFO -- : Chunk 75 stored for session aeeb4ae4ff4eec119d80e5f2b0d250c8: 1048592 bytes
I, [2025-06-24T11:46:41.383001 #23769]  INFO -- : Chunk 76 stored for session aeeb4ae4ff4eec119d80e5f2b0d250c8: 1048592 bytes
I, [2025-06-24T11:46:41.386508 #23774]  INFO -- : Chunk 79 stored for session aeeb4ae4ff4eec119d80e5f2b0d250c8: 1048592 bytes
I, [2025-06-24T11:46:41.390075 #23769]  INFO -- : Chunk 77 stored for session aeeb4ae4ff4eec119d80e5f2b0d250c8: 1048592 bytes
I, [2025-06-24T11:46:41.396464 #23774]  INFO -- : Chunk 81 stored for session aeeb4ae4ff4eec119d80e5f2b0d250c8: 1048592 bytes
I, [2025-06-24T11:46:41.400116 #23769]  INFO -- : Chunk 78 stored for session aeeb4ae4ff4eec119d80e5f2b0d250c8: 1048592 bytes
I, [2025-06-24T11:46:41.403758 #23769]  INFO -- : Chunk 80 stored for session aeeb4ae4ff4eec119d80e5f2b0d250c8: 1048592 bytes
I, [2025-06-24T11:46:41.407383 #23774]  INFO -- : Chunk 82 stored for session aeeb4ae4ff4eec119d80e5f2b0d250c8: 1048592 bytes
I, [2025-06-24T11:46:41.411180 #23774]  INFO -- : Chunk 83 stored for session aeeb4ae4ff4eec119d80e5f2b0d250c8: 1048592 bytes
I, [2025-06-24T11:46:41.414394 #23769]  INFO -- : Chunk 84 stored for session aeeb4ae4ff4eec119d80e5f2b0d250c8: 1048592 bytes
I, [2025-06-24T11:46:41.417715 #23769]  INFO -- : Chunk 85 stored for session aeeb4ae4ff4eec119d80e5f2b0d250c8: 1048592 bytes
I, [2025-06-24T11:46:41.420853 #23769]  INFO -- : Chunk 86 stored for session aeeb4ae4ff4eec119d80e5f2b0d250c8: 1048592 bytes
I, [2025-06-24T11:46:41.423544 #23769]  INFO -- : Chunk 87 stored for session aeeb4ae4ff4eec119d80e5f2b0d250c8: 784640 bytes
I, [2025-06-24T11:46:41.432677 #23769]  INFO -- : Combining 88 chunks into /home/shayan/encryptor.link/backend/storage/encrypted/tF/tF9eSXTb.enc
I, [2025-06-24T11:46:41.616569 #23769]  INFO -- : File stored: tF9eSXTb (The Invention of Hugo Cabret (Selznick Brian) (Z-Library).azw3)
